<?xml version="1.0" encoding="UTF-8"?>
<!-- Generated by org.testng.reporters.JUnitXMLReporter -->
<testsuite ignored="2" hostname="DESKTOP-10DDVSD" failures="0" tests="6" name="Test(failed)" time="6.873" errors="0" timestamp="2025-04-22T22:42:23 IST">
  <testcase classname="com.actitime.generic.Base_Class" name="@BeforeMethod login" time="0.006">
    <failure type="java.lang.NullPointerException" message="Cannot invoke &amp;quot;org.openqa.selenium.WebDriver.findElement(org.openqa.selenium.By)&amp;quot; because &amp;quot;this.driver&amp;quot; is null">
      <![CDATA[java.lang.NullPointerException: Cannot invoke "org.openqa.selenium.WebDriver.findElement(org.openqa.selenium.By)" because "this.driver" is null
at com.actitime.generic.Base_Class.login(Base_Class.java:31)
at java.base/java.util.ArrayList.forEach(ArrayList.java:1596)
... Removed 29 stack frames]]>
    </failure>
  </testcase> <!-- @BeforeMethod login -->
  <testcase classname="com.actitime.generic.Base_Class" name="@AfterMethod logout" time="0.0">
    <skipped/>
  </testcase> <!-- @AfterMethod logout -->
  <testcase classname="com.actitime.generic.Base_Class" name="@BeforeMethod login" time="0.0">
    <skipped/>
  </testcase> <!-- @BeforeMethod login -->
  <testcase classname="com.actitime.generic.Base_Class" name="@AfterMethod logout" time="0.0">
    <skipped/>
  </testcase> <!-- @AfterMethod logout -->
  <testcase classname="com.actitime.testscript.Test_module" name="createTest" time="0.028"/>
  <testcase classname="com.actitime.testscript.Test_module" name="modifyTest" time="0.002"/>
  <testcase classname="com.actitime.testscript.Test_module" name="deletTest" time="0.002"/>
  <testcase classname="com.actitime.testscript.Customer_Module" name="createCustomer" time="0.0">
    <skipped/>
  </testcase> <!-- createCustomer -->
  <testcase classname="com.actitime.testscript.Customer_Module" name="modifyCustomer" time="0.0">
    <skipped/>
  </testcase> <!-- modifyCustomer -->
  <testcase classname="com.actitime.testscript.Customer_Module" name="deletCustomer" time="0.0">
    <skipped/>
  </testcase> <!-- deletCustomer -->
  <testcase classname="com.actitime.generic.Base_Class" name="@AfterTest closeBrowser" time="0.0">
    <ignored/>
  </testcase> <!-- @AfterTest closeBrowser -->
  <testcase classname="com.actitime.generic.Base_Class" name="@BeforeTest openBrowser" time="0.0">
    <ignored/>
  </testcase> <!-- @BeforeTest openBrowser -->
</testsuite> <!-- Test(failed) -->
