<?xml version="1.0" encoding="UTF-8"?>
<!-- Generated by org.testng.reporters.JUnitXMLReporter -->
<testsuite ignored="0" hostname="DESKTOP-10DDVSD" failures="0" tests="3" name="Test(failed)(failed)" time="6.914" errors="0" timestamp="2025-04-22T22:42:46 IST">
  <testcase classname="com.actitime.testscript.Customer_Module" name="createCustomer" time="0.019"/>
  <testcase classname="com.actitime.testscript.Customer_Module" name="modifyCustomer" time="0.004"/>
  <testcase classname="com.actitime.testscript.Customer_Module" name="deletCustomer" time="0.004"/>
</testsuite> <!-- Test(failed)(failed) -->
