<?xml version="1.0" encoding="UTF-8"?>
<!-- Generated by org.testng.reporters.JUnitXMLReporter -->
<testsuite ignored="0" hostname="DESKTOP-10DDVSD" failures="1" tests="1" name="Invalid" time="0.054" errors="0" timestamp="2025-05-08T10:44:21 IST">
  <testcase classname="xmlDataDriven.Login_XmlDDT" name="login" time="0.0">
    <failure type="org.testng.TestNGException" message="
Parameter &amp;apos;pw&amp;apos; is required by @Test on method login but has not been marked @Optional or defined
in C:\Users\ANIRBAN\eclipse-workspace\Automation\DDTT.xml">
      <![CDATA[org.testng.TestNGException: 
Parameter 'pw' is required by @Test on method login but has not been marked @Optional or defined
in C:\Users\ANIRBAN\eclipse-workspace\Automation\DDTT.xml
at java.base/java.util.ArrayList.forEach(ArrayList.java:1596)
at java.base/java.util.concurrent.FutureTask.run(FutureTask.java:317)
at java.base/java.util.concurrent.ThreadPoolExecutor.runWorker(ThreadPoolExecutor.java:1144)
at java.base/java.util.concurrent.ThreadPoolExecutor$Worker.run(ThreadPoolExecutor.java:642)
at java.base/java.lang.Thread.run(Thread.java:1583)
... Removed 16 stack frames]]>
    </failure>
  </testcase> <!-- login -->
</testsuite> <!-- Invalid -->
