<?xml version="1.0" encoding="UTF-8"?>
<!-- Generated by org.testng.reporters.JUnitXMLReporter -->
<testsuite ignored="6" hostname="DESKTOP-10DDVSD" failures="0" tests="3" name="Test" time="8.698" errors="0" timestamp="2025-05-13T13:10:53 IST">
  <testcase classname="com.actitime.testscript.Project_module" name="createProject" time="0.017"/>
  <testcase classname="com.actitime.testscript.Customer_Module" name="createCustomer" time="0.006"/>
  <testcase classname="com.actitime.testscript.Test_module" name="createTest" time="0.002"/>
  <testcase classname="com.actitime.testscript.Test_module" name="modifyTest" time="0.0">
    <ignored/>
  </testcase> <!-- modifyTest -->
  <testcase classname="com.actitime.testscript.Project_module" name="modifyProject" time="0.0">
    <ignored/>
  </testcase> <!-- modifyProject -->
  <testcase classname="com.actitime.testscript.Customer_Module" name="deletCustomer" time="0.0">
    <ignored/>
  </testcase> <!-- deletCustomer -->
  <testcase classname="com.actitime.testscript.Customer_Module" name="modifyCustomer" time="0.0">
    <ignored/>
  </testcase> <!-- modifyCustomer -->
  <testcase classname="com.actitime.testscript.Project_module" name="deletProject" time="0.0">
    <ignored/>
  </testcase> <!-- deletProject -->
  <testcase classname="com.actitime.testscript.Test_module" name="deletTest" time="0.0">
    <ignored/>
  </testcase> <!-- deletTest -->
</testsuite> <!-- Test -->
