<?xml version="1.0" encoding="UTF-8"?>
<!-- Generated by org.testng.reporters.JUnitXMLReporter -->
<testsuite ignored="0" hostname="DESKTOP-10DDVSD" failures="1" tests="3" name="Test1" time="7.251" errors="0" timestamp="2025-05-08T12:58:34 IST">
  <testcase classname="com.actitime.testscript.Customer_Module" name="createCustomer" time="0.044"/>
  <testcase classname="com.actitime.testscript.Customer_Module" name="modifyCustomer" time="0.008">
    <failure type="java.lang.AssertionError" message="null">
      <![CDATA[java.lang.AssertionError: null
at com.actitime.testscript.Customer_Module.modifyCustomer(Customer_Module.java:22)
at java.base/java.util.ArrayList.forEach(ArrayList.java:1596)
... Removed 27 stack frames]]>
    </failure>
  </testcase> <!-- modifyCustomer -->
  <testcase classname="com.actitime.testscript.Customer_Module" name="deletCustomer" time="0.001">
    <skipped/>
  </testcase> <!-- deletCustomer -->
</testsuite> <!-- Test1 -->
