<?xml version="1.0" encoding="UTF-8"?>
<!-- Generated by org.testng.reporters.JUnitXMLReporter -->
<testsuite ignored="0" hostname="DESKTOP-10DDVSD" failures="0" tests="3" name="Default test" time="6.856" errors="0" timestamp="2025-05-13T13:13:35 IST">
  <testcase classname="com.actitime.testscript.Project_module" name="createProject" time="0.02"/>
  <testcase classname="com.actitime.testscript.Project_module" name="deletProject" time="0.004"/>
  <testcase classname="com.actitime.testscript.Project_module" name="modifyProject" time="0.005"/>
</testsuite> <!-- Default test -->
