<?xml version="1.0" encoding="UTF-8"?>
<testng-results ignored="0" total="3" passed="3" failed="0" skipped="0">
  <reporter-output>
    <line>
      <![CDATA[openBrowser]]>
    </line>
    <line>
      <![CDATA[login]]>
    </line>
    <line>
      <![CDATA[createProject]]>
    </line>
    <line>
      <![CDATA[logout]]>
    </line>
    <line>
      <![CDATA[login]]>
    </line>
    <line>
      <![CDATA[deletProject]]>
    </line>
    <line>
      <![CDATA[logout]]>
    </line>
    <line>
      <![CDATA[login]]>
    </line>
    <line>
      <![CDATA[modifyProject]]>
    </line>
    <line>
      <![CDATA[logout]]>
    </line>
    <line>
      <![CDATA[closeBrowser]]>
    </line>
  </reporter-output>
  <suite started-at="2025-05-13T13:13:28 IST" name="Default suite" finished-at="2025-05-13T13:13:35 IST" duration-ms="6856">
    <groups>
      <group name="smoke">
        <method signature="Project_module.createProject()[pri:0, instance:com.actitime.testscript.Project_module@14dd7b39]" name="createProject" class="com.actitime.testscript.Project_module"/>
      </group> <!-- smoke -->
    </groups>
    <test started-at="2025-05-13T13:13:28 IST" name="Default test" finished-at="2025-05-13T13:13:35 IST" duration-ms="6856">
      <class name="com.actitime.testscript.Project_module">
        <test-method is-config="true" signature="openBrowser()[pri:0, instance:com.actitime.testscript.Project_module@14dd7b39]" started-at="2025-05-13T13:13:28 IST" name="openBrowser" finished-at="2025-05-13T13:13:30 IST" duration-ms="2155" status="PASS">
          <reporter-output>
            <line>
              <![CDATA[openBrowser]]>
            </line>
          </reporter-output>
        </test-method> <!-- openBrowser -->
        <test-method is-config="true" signature="login()[pri:0, instance:com.actitime.testscript.Project_module@14dd7b39]" started-at="2025-05-13T13:13:30 IST" name="login" finished-at="2025-05-13T13:13:30 IST" duration-ms="373" status="PASS">
          <reporter-output>
            <line>
              <![CDATA[login]]>
            </line>
          </reporter-output>
        </test-method> <!-- login -->
        <test-method signature="createProject()[pri:0, instance:com.actitime.testscript.Project_module@14dd7b39]" started-at="2025-05-13T13:13:30 IST" name="createProject" finished-at="2025-05-13T13:13:30 IST" duration-ms="20" status="PASS">
          <reporter-output>
            <line>
              <![CDATA[createProject]]>
            </line>
          </reporter-output>
        </test-method> <!-- createProject -->
        <test-method is-config="true" signature="logout()[pri:0, instance:com.actitime.testscript.Project_module@14dd7b39]" started-at="2025-05-13T13:13:30 IST" name="logout" finished-at="2025-05-13T13:13:32 IST" duration-ms="1471" status="PASS">
          <reporter-output>
            <line>
              <![CDATA[logout]]>
            </line>
          </reporter-output>
        </test-method> <!-- logout -->
        <test-method is-config="true" signature="login()[pri:0, instance:com.actitime.testscript.Project_module@14dd7b39]" started-at="2025-05-13T13:13:32 IST" name="login" finished-at="2025-05-13T13:13:32 IST" duration-ms="256" status="PASS">
          <reporter-output>
            <line>
              <![CDATA[login]]>
            </line>
          </reporter-output>
        </test-method> <!-- login -->
        <test-method signature="deletProject()[pri:0, instance:com.actitime.testscript.Project_module@14dd7b39]" started-at="2025-05-13T13:13:32 IST" name="deletProject" finished-at="2025-05-13T13:13:32 IST" duration-ms="4" status="PASS">
          <reporter-output>
            <line>
              <![CDATA[deletProject]]>
            </line>
          </reporter-output>
        </test-method> <!-- deletProject -->
        <test-method is-config="true" signature="logout()[pri:0, instance:com.actitime.testscript.Project_module@14dd7b39]" started-at="2025-05-13T13:13:32 IST" name="logout" finished-at="2025-05-13T13:13:33 IST" duration-ms="1004" status="PASS">
          <reporter-output>
            <line>
              <![CDATA[logout]]>
            </line>
          </reporter-output>
        </test-method> <!-- logout -->
        <test-method is-config="true" signature="login()[pri:0, instance:com.actitime.testscript.Project_module@14dd7b39]" started-at="2025-05-13T13:13:33 IST" name="login" finished-at="2025-05-13T13:13:33 IST" duration-ms="198" status="PASS">
          <reporter-output>
            <line>
              <![CDATA[login]]>
            </line>
          </reporter-output>
        </test-method> <!-- login -->
        <test-method signature="modifyProject()[pri:0, instance:com.actitime.testscript.Project_module@14dd7b39]" started-at="2025-05-13T13:13:33 IST" name="modifyProject" finished-at="2025-05-13T13:13:33 IST" duration-ms="5" status="PASS">
          <reporter-output>
            <line>
              <![CDATA[modifyProject]]>
            </line>
          </reporter-output>
        </test-method> <!-- modifyProject -->
        <test-method is-config="true" signature="logout()[pri:0, instance:com.actitime.testscript.Project_module@14dd7b39]" started-at="2025-05-13T13:13:33 IST" name="logout" finished-at="2025-05-13T13:13:34 IST" duration-ms="1033" status="PASS">
          <reporter-output>
            <line>
              <![CDATA[logout]]>
            </line>
          </reporter-output>
        </test-method> <!-- logout -->
        <test-method is-config="true" signature="closeBrowser()[pri:0, instance:com.actitime.testscript.Project_module@14dd7b39]" started-at="2025-05-13T13:13:34 IST" name="closeBrowser" finished-at="2025-05-13T13:13:35 IST" duration-ms="251" status="PASS">
          <reporter-output>
            <line>
              <![CDATA[closeBrowser]]>
            </line>
          </reporter-output>
        </test-method> <!-- closeBrowser -->
      </class> <!-- com.actitime.testscript.Project_module -->
    </test> <!-- Default test -->
  </suite> <!-- Default suite -->
</testng-results>
